<?xml version="1.0" encoding="UTF-8"?>
<!-- Generated by org.testng.reporters.JUnitXMLReporter -->
<testsuite ignored="0" hostname="SHREE" failures="1" tests="7" name="Test" time="351.595" errors="0" timestamp="2025-01-02T16:12:40 IST">
  <testcase classname="tests.JobPosting" name="adminCreationAndAppraoveTest" time="98.545">
    <failure type="org.openqa.selenium.ElementClickInterceptedException" message="element click intercepted: Element &amp;lt;button _ngcontent-ng-c870121049=&amp;quot;&amp;quot; class=&amp;quot;btn btn-success btn-sm&amp;quot; disabled=&amp;quot;&amp;quot;&amp;gt;...&amp;lt;/button&amp;gt; is not clickable at point (1085, 542). Other element would receive the click: &amp;lt;td _ngcontent-ng-c870121049=&amp;quot;&amp;quot;&amp;gt;...&amp;lt;/td&amp;gt;
  (Session info: chrome=131.0.6778.205)
Build info: version: &amp;apos;4.20.0&amp;apos;, revision: &amp;apos;866c76ca80&amp;apos;
System info: os.name: &amp;apos;Windows 10&amp;apos;, os.arch: &amp;apos;amd64&amp;apos;, os.version: &amp;apos;10.0&amp;apos;, java.version: &amp;apos;17.0.9&amp;apos;
Driver info: org.openqa.selenium.chrome.ChromeDriver
Command: [6ad56b7c1cce9382f5cde7950450b9c9, clickElement {id=f.D757873DE5BC68CD501CCD3EA04CC409.d.AD6A799D86FAA1406310CC55793680A8.e.105}]
Capabilities {acceptInsecureCerts: false, browserName: chrome, browserVersion: 131.0.6778.205, chrome: {chromedriverVersion: 131.0.6778.204 (52183f9e99a..., userDataDir: C:\Users\Shree\AppData\Loca...}, fedcm:accounts: true, goog:chromeOptions: {debuggerAddress: localhost:55517}, networkConnectionEnabled: false, pageLoadStrategy: normal, platformName: windows, proxy: Proxy(), se:cdp: ws://localhost:55517/devtoo..., se:cdpVersion: 131.0.6778.205, setWindowRect: true, strictFileInteractability: false, timeouts: {implicit: 0, pageLoad: 300000, script: 30000}, unhandledPromptBehavior: dismiss and notify, webauthn:extension:credBlob: true, webauthn:extension:largeBlob: true, webauthn:extension:minPinLength: true, webauthn:extension:prf: true, webauthn:virtualAuthenticators: true}
Element: [[ChromeDriver: chrome on windows (6ad56b7c1cce9382f5cde7950450b9c9)] -&amp;gt; xpath: (//table//tbody//tr)[last()]/td[5]/button[1]]
Session ID: 6ad56b7c1cce9382f5cde7950450b9c9">
      <![CDATA[org.openqa.selenium.ElementClickInterceptedException: element click intercepted: Element <button _ngcontent-ng-c870121049="" class="btn btn-success btn-sm" disabled="">...</button> is not clickable at point (1085, 542). Other element would receive the click: <td _ngcontent-ng-c870121049="">...</td>
  (Session info: chrome=131.0.6778.205)
Build info: version: '4.20.0', revision: '866c76ca80'
System info: os.name: 'Windows 10', os.arch: 'amd64', os.version: '10.0', java.version: '17.0.9'
Driver info: org.openqa.selenium.chrome.ChromeDriver
Command: [6ad56b7c1cce9382f5cde7950450b9c9, clickElement {id=f.D757873DE5BC68CD501CCD3EA04CC409.d.AD6A799D86FAA1406310CC55793680A8.e.105}]
Capabilities {acceptInsecureCerts: false, browserName: chrome, browserVersion: 131.0.6778.205, chrome: {chromedriverVersion: 131.0.6778.204 (52183f9e99a..., userDataDir: C:\Users\Shree\AppData\Loca...}, fedcm:accounts: true, goog:chromeOptions: {debuggerAddress: localhost:55517}, networkConnectionEnabled: false, pageLoadStrategy: normal, platformName: windows, proxy: Proxy(), se:cdp: ws://localhost:55517/devtoo..., se:cdpVersion: 131.0.6778.205, setWindowRect: true, strictFileInteractability: false, timeouts: {implicit: 0, pageLoad: 300000, script: 30000}, unhandledPromptBehavior: dismiss and notify, webauthn:extension:credBlob: true, webauthn:extension:largeBlob: true, webauthn:extension:minPinLength: true, webauthn:extension:prf: true, webauthn:virtualAuthenticators: true}
Element: [[ChromeDriver: chrome on windows (6ad56b7c1cce9382f5cde7950450b9c9)] -> xpath: (//table//tbody//tr)[last()]/td[5]/button[1]]
Session ID: 6ad56b7c1cce9382f5cde7950450b9c9
at org.openqa.selenium.remote.ErrorCodec.decode(ErrorCodec.java:167)
at org.openqa.selenium.remote.codec.w3c.W3CHttpResponseCodec.decode(W3CHttpResponseCodec.java:138)
at org.openqa.selenium.remote.codec.w3c.W3CHttpResponseCodec.decode(W3CHttpResponseCodec.java:50)
at org.openqa.selenium.remote.HttpCommandExecutor.execute(HttpCommandExecutor.java:190)
at org.openqa.selenium.remote.service.DriverCommandExecutor.invokeExecute(DriverCommandExecutor.java:216)
at org.openqa.selenium.remote.service.DriverCommandExecutor.execute(DriverCommandExecutor.java:174)
at org.openqa.selenium.remote.RemoteWebDriver.execute(RemoteWebDriver.java:518)
at org.openqa.selenium.remote.RemoteWebElement.execute(RemoteWebElement.java:223)
at org.openqa.selenium.remote.RemoteWebElement.click(RemoteWebElement.java:76)
at tests.JobPosting.adminCreationAndAppraoveTest(JobPosting.java:62)
at java.base/java.util.ArrayList.forEach(ArrayList.java:1511)
... Removed 32 stack frames]]>
    </failure>
  </testcase> <!-- adminCreationAndAppraoveTest -->
  <testcase classname="tests.JobPosting" name="adminJobPostingData" time="0.0">
    <skipped/>
  </testcase> <!-- adminJobPostingData -->
  <testcase classname="tests.JobPosting" name="adminJobsAppraovalAndPostTest" time="0.0">
    <skipped/>
  </testcase> <!-- adminJobsAppraovalAndPostTest -->
  <testcase classname="tests.HomeJobSearchAndApplyTest" name="jobSearchTest" time="66.796"/>
  <testcase classname="tests.InternshipPosting" name="adminCreationAndAppraoveTest" time="96.167"/>
  <testcase classname="tests.InternshipPosting" name="adminInternshipPostingData" time="38.328"/>
  <testcase classname="tests.InternshipPosting" name="adminInternshipAppraovalAndPostTest" time="0.002"/>
</testsuite> <!-- Test -->
